<?xml version="1.0" encoding="utf-8"?><testsuites name="pytest tests"><testsuite name="pytest" errors="0" failures="0" skipped="1" tests="84" time="5.840" timestamp="2026-09-13T08:30:45.564008+02:00" hostname="localhost"><testcase classname="tests.test_api" name="test_api_reconcile_read_and_preview" time="0.144" /><testcase classname="tests.test_api" name="test_reconcile_endpoint_can_require_api_key" time="0.088" /><testcase classname="tests.test_api" name="test_inline_mode_requires_records" time="0.049" /><testcase classname="tests.test_artifacts" name="test_fixture_is_explicitly_synthetic" time="0.000" /><testcase classname="tests.test_artifacts" name="test_public_api_has_no_delivery_route" time="0.000" /><testcase classname="tests.test_artifacts" name="test_cloud_pack_is_not_misrepresented_as_deployed" time="0.000" /><testcase classname="tests.test_cli" name="test_cli_reconcile_runs_committed_fixture" time="0.054" /><testcase classname="tests.test_cli" name="test_cli_reconcile_accepts_fixture_override" time="0.023" /><testcase classname="tests.test_cli" name="test_cli_serve_invokes_uvicorn_with_parsed_args" time="0.001" /><testcase classname="tests.test_cli" name="test_cli_serve_defaults_to_all_interfaces_and_port_8000" time="0.001" /><testcase classname="tests.test_gateways" name="test_preview_never_writes" time="0.048" /><testcase classname="tests.test_gateways" name="test_delivery_fails_closed_without_switches" time="0.084" /><testcase classname="tests.test_gateways" name="test_retry_then_success_uses_idempotency_key" time="0.073" /><testcase classname="tests.test_identity" name="test_domain_normalization_is_conservative" time="0.000" /><testcase classname="tests.test_identity" name="test_exact_domain_matches_but_missing_domain_does_not" time="0.000" /><testcase classname="tests.test_identity" name="test_generic_domains_are_isolated_not_merged" time="0.000" /><testcase classname="tests.test_identity" name="test_canonical_id_hint_rebinds_when_the_account_actually_exists" time="0.000" /><testcase classname="tests.test_identity" name="test_canonical_id_hint_is_ignored_when_the_account_does_not_exist" time="0.000" /><testcase classname="tests.test_identity" name="test_canonical_id_hint_is_ignored_without_an_exists_check" time="0.000" /><testcase classname="tests.test_postgres_smoke" name="test_reconciliation_commits_transactionally_on_real_postgres" time="0.000"><skipped type="pytest.skip" message="POSTGRES_SMOKE_URL not set — this test only runs where a real Postgres is reachable">/workspace/scratch/0b6366b38a4a/control_hardening/tests/test_postgres_smoke.py:32: POSTGRES_SMOKE_URL not set — this test only runs where a real Postgres is reachable</skipped></testcase><testcase classname="tests.test_reconcile" name="test_fixture_reconciles_with_explicit_field_ownership" time="0.049" /><testcase classname="tests.test_reconcile" name="test_missing_domains_are_not_fuzzy_merged" time="0.047" /><testcase classname="tests.test_reconcile" name="test_reconciliation_is_idempotent" time="0.062" /><testcase classname="tests.test_reconcile" name="test_no_domain_accounts_do_not_stage_cross_provider_creates" time="0.048" /><testcase classname="tests.test_reconcile" name="test_canonical_id_echo_rebinds_instead_of_isolating_a_new_account" time="0.052" /><testcase classname="tests.test_reconcile" name="test_outbox_dedup_only_against_the_immediately_preceding_item" time="0.063" /><testcase classname="tests.test_reconcile" name="test_conflict_ledger_records_both_values_and_policy" time="0.047" /><testcase classname="tests.test_stream_ordering" name="test_newer_item_cannot_pass_unresolved_prefix[preview_only]" time="0.056" /><testcase classname="tests.test_stream_ordering" name="test_newer_item_cannot_pass_unresolved_prefix[retryable_failed]" time="0.055" /><testcase classname="tests.test_stream_ordering" name="test_newer_item_cannot_pass_unresolved_prefix[dispatching]" time="0.056" /><testcase classname="tests.test_stream_ordering" name="test_newer_item_cannot_pass_unresolved_prefix[outcome_unknown]" time="0.120" /><testcase classname="tests.test_stream_ordering" name="test_newer_item_cannot_pass_unresolved_prefix[delivery_rejected]" time="0.053" /><testcase classname="tests.test_stream_ordering" name="test_unrelated_streams_are_not_blocked[provider]" time="0.062" /><testcase classname="tests.test_stream_ordering" name="test_unrelated_streams_are_not_blocked[account]" time="0.059" /><testcase classname="tests.test_stream_ordering" name="test_acknowledged_predecessor_still_blocks_until_owner_releases" time="0.069" /><testcase classname="tests.test_stream_ordering" name="test_racing_different_sequences_dispatch_in_order[hubspot]" time="0.082" /><testcase classname="tests.test_stream_ordering" name="test_racing_different_sequences_dispatch_in_order[salesforce]" time="0.085" /><testcase classname="tests.test_stream_ordering" name="test_matching_readback_keeps_ordering_hold_until_audited_release" time="0.081" /><testcase classname="tests.test_stream_ordering" name="test_every_older_item_is_checked_not_only_the_latest" time="0.057" /><testcase classname="tests.test_stream_ordering" name="test_hold_release_requires_attestation_and_does_not_forge_ack" time="0.051" /><testcase classname="tests.test_stream_ordering" name="test_audit_failure_rolls_back_hold_release" time="0.051" /><testcase classname="tests.test_stream_ordering" name="test_async_success_does_not_release_the_stream" time="0.068" /><testcase classname="tests.test_stream_ordering" name="test_takeover_readback_cannot_advance_stream_while_old_request_is_live" time="0.071" /><testcase classname="tests.test_stream_ordering" name="test_ordering_migration_backfills_legacy_uncertainty[delivered-False]" time="0.087" /><testcase classname="tests.test_stream_ordering" name="test_ordering_migration_backfills_legacy_uncertainty[reconciled-True]" time="0.060" /><testcase classname="tests.test_stream_ordering" name="test_ordering_migration_backfills_legacy_uncertainty[dispatching-True]" time="0.063" /><testcase classname="tests.test_stream_ordering" name="test_ordering_migration_backfills_legacy_uncertainty[outcome_unknown-True]" time="0.058" /><testcase classname="tests.test_timeout_recovery" name="test_success_response_lost_is_reconciled_without_another_write[timeout-False-hubspot]" time="0.066" /><testcase classname="tests.test_timeout_recovery" name="test_success_response_lost_is_reconciled_without_another_write[timeout-False-salesforce]" time="0.062" /><testcase classname="tests.test_timeout_recovery" name="test_success_response_lost_is_reconciled_without_another_write[timeout-True-hubspot]" time="0.143" /><testcase classname="tests.test_timeout_recovery" name="test_success_response_lost_is_reconciled_without_another_write[timeout-True-salesforce]" time="0.067" /><testcase classname="tests.test_timeout_recovery" name="test_success_response_lost_is_reconciled_without_another_write[write_timeout-False-hubspot]" time="0.062" /><testcase classname="tests.test_timeout_recovery" name="test_success_response_lost_is_reconciled_without_another_write[write_timeout-False-salesforce]" time="0.064" /><testcase classname="tests.test_timeout_recovery" name="test_success_response_lost_is_reconciled_without_another_write[write_timeout-True-hubspot]" time="0.063" /><testcase classname="tests.test_timeout_recovery" name="test_success_response_lost_is_reconciled_without_another_write[write_timeout-True-salesforce]" time="0.066" /><testcase classname="tests.test_timeout_recovery" name="test_success_response_lost_is_reconciled_without_another_write[server_error-False-hubspot]" time="0.063" /><testcase classname="tests.test_timeout_recovery" name="test_success_response_lost_is_reconciled_without_another_write[server_error-False-salesforce]" time="0.065" /><testcase classname="tests.test_timeout_recovery" name="test_success_response_lost_is_reconciled_without_another_write[server_error-True-hubspot]" time="0.071" /><testcase classname="tests.test_timeout_recovery" name="test_success_response_lost_is_reconciled_without_another_write[server_error-True-salesforce]" time="0.068" /><testcase classname="tests.test_timeout_recovery" name="test_unconfirmed_create_stays_unknown_across_restart_and_never_replays[missing]" time="0.074" /><testcase classname="tests.test_timeout_recovery" name="test_unconfirmed_create_stays_unknown_across_restart_and_never_replays[different]" time="0.077" /><testcase classname="tests.test_timeout_recovery" name="test_unconfirmed_create_stays_unknown_across_restart_and_never_replays[duplicate]" time="0.081" /><testcase classname="tests.test_timeout_recovery" name="test_unconfirmed_create_stays_unknown_across_restart_and_never_replays[unavailable]" time="0.069" /><testcase classname="tests.test_timeout_recovery" name="test_crash_after_dispatch_marker_recovers_by_read_only" time="0.064" /><testcase classname="tests.test_timeout_recovery" name="test_disabled_delivery_cannot_even_reconcile" time="0.051" /><testcase classname="tests.test_timeout_recovery" name="test_invalid_readback_cannot_acknowledge_a_timed_out_update[missing_field]" time="0.062" /><testcase classname="tests.test_timeout_recovery" name="test_invalid_readback_cannot_acknowledge_a_timed_out_update[wrong_id]" time="0.070" /><testcase classname="tests.test_timeout_recovery" name="test_invalid_readback_cannot_acknowledge_a_timed_out_update[wrong_canonical]" time="0.063" /><testcase classname="tests.test_timeout_recovery" name="test_invalid_readback_cannot_acknowledge_a_timed_out_update[malformed]" time="0.063" /><testcase classname="tests.test_timeout_recovery" name="test_normal_create_ack_is_durable_and_cannot_repeat" time="0.179" /><testcase classname="tests.test_timeout_recovery" name="test_detached_outbox_is_rejected_before_network" time="0.052" /><testcase classname="tests.test_timeout_recovery" name="test_readback_normalization_is_narrow" time="0.000" /><testcase classname="tests.test_worker_claims" name="test_two_workers_with_stale_snapshots_send_only_one_write[False-hubspot]" time="0.074" /><testcase classname="tests.test_worker_claims" name="test_two_workers_with_stale_snapshots_send_only_one_write[False-salesforce]" time="0.073" /><testcase classname="tests.test_worker_claims" name="test_two_workers_with_stale_snapshots_send_only_one_write[True-hubspot]" time="0.080" /><testcase classname="tests.test_worker_claims" name="test_two_workers_with_stale_snapshots_send_only_one_write[True-salesforce]" time="0.083" /><testcase classname="tests.test_worker_claims" name="test_expired_claim_is_read_only_and_stale_owner_is_fenced[preview_only]" time="0.073" /><testcase classname="tests.test_worker_claims" name="test_expired_claim_is_read_only_and_stale_owner_is_fenced[dispatching]" time="0.071" /><testcase classname="tests.test_worker_claims" name="test_expired_claim_is_read_only_and_stale_owner_is_fenced[retryable_failed]" time="0.074" /><testcase classname="tests.test_worker_claims" name="test_late_response_cannot_overwrite_takeover_result" time="0.070" /><testcase classname="tests.test_worker_claims" name="test_active_claim_blocks_recovery_http" time="0.070" /><testcase classname="tests.test_worker_claims" name="test_expired_owner_cannot_begin_a_write" time="0.058" /><testcase classname="tests.test_worker_claims" name="test_dirty_session_cannot_flush_stale_state_over_a_claim" time="0.053" /><testcase classname="tests.test_worker_claims" name="test_worker_claim_migration_preserves_existing_unknown_outcomes" time="0.067" /></testsuite></testsuites>